Using pre-set license
Built from '2020.3/staging' branch; Version is '2020.3.10f1 (297d780c91bc) revision 2719096'; Using compiler version '192528614'; Build Type 'Release'
OS: 'Windows 10 Home; OS build 19041.1052; Version 2004; 64bit' Language: 'ru' Physical Memory: 8103 MB
BatchMode: 1, IsHumanControllingUs: 0, StartBugReporterOnCrash: 0, Is64bit: 1, IsPro: 0

 COMMAND LINE ARGUMENTS:
C:\Program Files\Unity\Hub\Editor\2020.3.10f1\Editor\Unity.exe
-adb2
-batchMode
-noUpm
-name
AssetImportWorker0
-projectPath
C:/Users/vlad/Desktop/kkk
-logFile
Logs/AssetImportWorker0.log
-srvPort
62328
Successfully changed project path to: C:/Users/vlad/Desktop/kkk
C:/Users/vlad/Desktop/kkk
Using Asset Import Pipeline V2.
Refreshing native plugins compatible for Editor in 64.52 ms, found 2 plugins.
Preloading 0 native plugins for Editor in 0.00 ms.
Initialize engine version: 2020.3.10f1 (297d780c91bc)
[Subsystems] Discovering subsystems at path C:/Program Files/Unity/Hub/Editor/2020.3.10f1/Editor/Data/Resources/UnitySubsystems
[Subsystems] Discovering subsystems at path C:/Users/vlad/Desktop/kkk/Assets
GfxDevice: creating device client; threaded=0
Direct3D:
    Version:  Direct3D 11.0 [level 11.1]
    Renderer: NVIDIA GeForce GT 1030 (ID=0x1d01)
    Vendor:   
    VRAM:     1982 MB
    Driver:   27.21.14.6109
Initialize mono
Mono path[0] = 'C:/Program Files/Unity/Hub/Editor/2020.3.10f1/Editor/Data/Managed'
Mono path[1] = 'C:/Program Files/Unity/Hub/Editor/2020.3.10f1/Editor/Data/MonoBleedingEdge/lib/mono/unityjit'
Mono config path = 'C:/Program Files/Unity/Hub/Editor/2020.3.10f1/Editor/Data/MonoBleedingEdge/etc'
Using monoOptions --debugger-agent=transport=dt_socket,embedding=1,server=y,suspend=n,address=127.0.0.1:56592
Begin MonoManager ReloadAssembly
Registering precompiled unity dll's ...
Register platform support module: C:/Program Files/Unity/Hub/Editor/2020.3.10f1/Editor/Data/PlaybackEngines/WindowsStandaloneSupport/UnityEditor.WindowsStandalone.Extensions.dll
Registered in 0.002702 seconds.
Native extension for WindowsStandalone target not found
Refreshing native plugins compatible for Editor in 63.19 ms, found 2 plugins.
Preloading 0 native plugins for Editor in 0.00 ms.
Mono: successfully reloaded assembly
- Completed reload, in  5.146 seconds
Platform modules already initialized, skipping
Registering precompiled user dll's ...
Registered in 0.015537 seconds.
Begin MonoManager ReloadAssembly
Native extension for WindowsStandalone target not found
Refreshing native plugins compatible for Editor in 62.29 ms, found 2 plugins.
Preloading 0 native plugins for Editor in 0.00 ms.
Mono: successfully reloaded assembly
- Completed reload, in  1.682 seconds
Platform modules already initialized, skipping
========================================================================
Worker process is ready to serve import requests
Launched and connected shader compiler UnityShaderCompiler.exe after 0.07 seconds
Refreshing native plugins compatible for Editor in 0.79 ms, found 2 plugins.
Preloading 0 native plugins for Editor in 0.00 ms.
Unloading 2370 Unused Serialized files (Serialized files now loaded: 0)
System memory in use before: 181.4 MB.
System memory in use after: 181.6 MB.

Unloading 25 unused Assets to reduce memory usage. Loaded Objects now: 2821.
Total: 2.820600 ms (FindLiveObjects: 0.292800 ms CreateObjectMapping: 0.107000 ms MarkObjects: 2.374000 ms  DeleteObjects: 0.045000 ms)

========================================================================
Received Import Request.
  path: Assets/Scripts/JoyStickScripts
  artifactKey: Guid(07b685cbd69eaf049b40883b45f5bae2) Importer(815301076,1909f56bfc062723c751e8b465ee728b)
Start importing Assets/Scripts/JoyStickScripts using Guid(07b685cbd69eaf049b40883b45f5bae2) Importer(815301076,1909f56bfc062723c751e8b465ee728b)  -> (artifact id: '0a4fb6730662abdd273f9f84ceb71c0b') in 0.013654 seconds
  Import took 0.019210 seconds .

========================================================================
Received Import Request.
  Time since last request: 0.000356 seconds.
  path: Assets/Scripts/Scripts.asmdef
  artifactKey: Guid(d73b7478248d7574d802e8c3e5b7fa17) Importer(815301076,1909f56bfc062723c751e8b465ee728b)
Start importing Assets/Scripts/Scripts.asmdef using Guid(d73b7478248d7574d802e8c3e5b7fa17) Importer(815301076,1909f56bfc062723c751e8b465ee728b)  -> (artifact id: '06bda6a8d8dc9764b59e09ab43d63904') in 0.051248 seconds
  Import took 0.056805 seconds .

========================================================================
Received Prepare
Refreshing native plugins compatible for Editor in 5.76 ms, found 2 plugins.
Preloading 0 native plugins for Editor in 0.00 ms.
Unloading 19 Unused Serialized files (Serialized files now loaded: 0)
System memory in use before: 130.7 MB.
System memory in use after: 130.9 MB.

Unloading 19 unused Assets to reduce memory usage. Loaded Objects now: 2821.
Total: 2.453800 ms (FindLiveObjects: 0.269400 ms CreateObjectMapping: 0.104100 ms MarkObjects: 2.063100 ms  DeleteObjects: 0.016200 ms)

========================================================================
Received Import Request.
  Time since last request: 2.119655 seconds.
  path: Assets/Content/Prefabs/StarSparrow9.prefab
  artifactKey: Guid(7861019a7b8cb6f4db5310695263b29a) Importer(815301076,1909f56bfc062723c751e8b465ee728b)
Start importing Assets/Content/Prefabs/StarSparrow9.prefab using Guid(7861019a7b8cb6f4db5310695263b29a) Importer(815301076,1909f56bfc062723c751e8b465ee728b)  -> (artifact id: '815e7f7a5471852213e0cea8c919741f') in 0.720364 seconds
  Import took 0.725634 seconds .

========================================================================
Received Import Request.
  Time since last request: 2.971845 seconds.
  path: Assets/Content/Prefabs/StarSparrow9.prefab
  artifactKey: Guid(7861019a7b8cb6f4db5310695263b29a) Importer(815301076,1909f56bfc062723c751e8b465ee728b)
Start importing Assets/Content/Prefabs/StarSparrow9.prefab using Guid(7861019a7b8cb6f4db5310695263b29a) Importer(815301076,1909f56bfc062723c751e8b465ee728b)  -> (artifact id: '815e7f7a5471852213e0cea8c919741f') in 0.375579 seconds
  Import took 0.382087 seconds .

========================================================================
Received Import Request.
  Time since last request: 84.545170 seconds.
  path: Assets/Content/Fonts
  artifactKey: Guid(0fa69058180d0e4449fdea6d98bb6b3c) Importer(815301076,1909f56bfc062723c751e8b465ee728b)
Start importing Assets/Content/Fonts using Guid(0fa69058180d0e4449fdea6d98bb6b3c) Importer(815301076,1909f56bfc062723c751e8b465ee728b)  -> (artifact id: 'bad1d5dc59cdf9fe000b05588964c127') in 0.009507 seconds
  Import took 0.017548 seconds .

========================================================================
Received Import Request.
  Time since last request: 0.393284 seconds.
  path: Assets/Content/PrefabMaterials
  artifactKey: Guid(6a016746ec137a44bb8a1295d4f616f9) Importer(815301076,1909f56bfc062723c751e8b465ee728b)
Start importing Assets/Content/PrefabMaterials using Guid(6a016746ec137a44bb8a1295d4f616f9) Importer(815301076,1909f56bfc062723c751e8b465ee728b)  -> (artifact id: '1c8cf17b48d1a09749adefb5c244c6f1') in 0.010410 seconds
  Import took 0.017705 seconds .

========================================================================
Received Import Request.
  Time since last request: 0.071812 seconds.
  path: Assets/Content/PrefabMaterials/large_asteroid.mat
  artifactKey: Guid(0e47fa6aa96cfd044b946d9923d4a47a) Importer(815301076,1909f56bfc062723c751e8b465ee728b)
Start importing Assets/Content/PrefabMaterials/large_asteroid.mat using Guid(0e47fa6aa96cfd044b946d9923d4a47a) Importer(815301076,1909f56bfc062723c751e8b465ee728b)  -> (artifact id: 'a0f5369fc8e2abd5e1e520736f85701b') in 0.269486 seconds
  Import took 0.277218 seconds .

========================================================================
Received Import Request.
  Time since last request: 0.000470 seconds.
  path: Assets/Content/PrefabMaterials/StarSparrow Blue.mat
  artifactKey: Guid(ca28c97d23f98024fb31e22662eb58e7) Importer(815301076,1909f56bfc062723c751e8b465ee728b)
Start importing Assets/Content/PrefabMaterials/StarSparrow Blue.mat using Guid(ca28c97d23f98024fb31e22662eb58e7) Importer(815301076,1909f56bfc062723c751e8b465ee728b)  -> (artifact id: 'c6a2505ba1016cfadd378af9745122d7') in 0.368947 seconds
  Import took 0.395380 seconds .

========================================================================
Received Import Request.
  Time since last request: 0.000316 seconds.
  path: Assets/Content/PrefabMaterials/StarSparrow Purple.mat
  artifactKey: Guid(b172b3eb38b7df64eb5c8a08420eea34) Importer(815301076,1909f56bfc062723c751e8b465ee728b)
Start importing Assets/Content/PrefabMaterials/StarSparrow Purple.mat using Guid(b172b3eb38b7df64eb5c8a08420eea34) Importer(815301076,1909f56bfc062723c751e8b465ee728b)  -> (artifact id: 'ef5337dfb7ca7e2852377af80fea2edc') in 0.411533 seconds
  Import took 0.421204 seconds .

========================================================================
Received Import Request.
  Time since last request: 0.000287 seconds.
  path: Assets/Content/PrefabMaterials/StarSparrow Orange.mat
  artifactKey: Guid(8b52c4a2cbd2a8248b7c6e782e73497e) Importer(815301076,1909f56bfc062723c751e8b465ee728b)
Start importing Assets/Content/PrefabMaterials/StarSparrow Orange.mat using Guid(8b52c4a2cbd2a8248b7c6e782e73497e) Importer(815301076,1909f56bfc062723c751e8b465ee728b)  -> (artifact id: '5c69575b04ee6eee26fd259af1a53ea1') in 0.368128 seconds
  Import took 0.376737 seconds .

========================================================================
Received Import Request.
  Time since last request: 0.000500 seconds.
  path: Assets/Content/PrefabMaterials/skybox.mat
  artifactKey: Guid(18b6bf7c06173654ead94eda5ab1abee) Importer(815301076,1909f56bfc062723c751e8b465ee728b)
Start importing Assets/Content/PrefabMaterials/skybox.mat using Guid(18b6bf7c06173654ead94eda5ab1abee) Importer(815301076,1909f56bfc062723c751e8b465ee728b)  -> (artifact id: '736a6e7a78b7cc9aa17894c78ec00119') in 0.050096 seconds
  Import took 0.059131 seconds .

========================================================================
Received Import Request.
  Time since last request: 0.000426 seconds.
  path: Assets/Content/PrefabMaterials/StarSparrow Yellow.mat
  artifactKey: Guid(5953a6e817e87be4195c31da8fdce334) Importer(815301076,1909f56bfc062723c751e8b465ee728b)
Start importing Assets/Content/PrefabMaterials/StarSparrow Yellow.mat using Guid(5953a6e817e87be4195c31da8fdce334) Importer(815301076,1909f56bfc062723c751e8b465ee728b)  -> (artifact id: 'a6b0386329ecff9c3ee071a134dffd7f') in 0.391897 seconds
  Import took 0.399824 seconds .

========================================================================
Received Import Request.
  Time since last request: 0.000354 seconds.
  path: Assets/Content/PrefabMaterials/SmallAsteroid.mat
  artifactKey: Guid(b821abae65deb0a449849ef0a6e005cc) Importer(815301076,1909f56bfc062723c751e8b465ee728b)
Start importing Assets/Content/PrefabMaterials/SmallAsteroid.mat using Guid(b821abae65deb0a449849ef0a6e005cc) Importer(815301076,1909f56bfc062723c751e8b465ee728b)  -> (artifact id: 'c38d76b7e60a9bb16aef24689cafb61a') in 0.109851 seconds
  Import took 0.114772 seconds .

========================================================================
Received Import Request.
  Time since last request: 0.000310 seconds.
  path: Assets/Content/PrefabMaterials/StarSparrow Black.mat
  artifactKey: Guid(020568ce6bb9b3245a24630d5282ca24) Importer(815301076,1909f56bfc062723c751e8b465ee728b)
Start importing Assets/Content/PrefabMaterials/StarSparrow Black.mat using Guid(020568ce6bb9b3245a24630d5282ca24) Importer(815301076,1909f56bfc062723c751e8b465ee728b)  -> (artifact id: 'd2cfcdd7ecac88eb699ff052b9eb30c9') in 0.346443 seconds
  Import took 0.353868 seconds .

========================================================================
Received Import Request.
  Time since last request: 0.000476 seconds.
  path: Assets/Content/PrefabMaterials/StarSparrow Cyan.mat
  artifactKey: Guid(d58bf68b17f9a4240aaeb5c200c9a12c) Importer(815301076,1909f56bfc062723c751e8b465ee728b)
Start importing Assets/Content/PrefabMaterials/StarSparrow Cyan.mat using Guid(d58bf68b17f9a4240aaeb5c200c9a12c) Importer(815301076,1909f56bfc062723c751e8b465ee728b)  -> (artifact id: 'b28f202dce9226d24950e2662cd86ee1') in 0.387616 seconds
  Import took 0.397868 seconds .

========================================================================
Received Import Request.
  Time since last request: 0.000296 seconds.
  path: Assets/Content/PrefabMaterials/StarSparrow Red.mat
  artifactKey: Guid(3574d5733ac60b941b175932e0a1aa2e) Importer(815301076,1909f56bfc062723c751e8b465ee728b)
Start importing Assets/Content/PrefabMaterials/StarSparrow Red.mat using Guid(3574d5733ac60b941b175932e0a1aa2e) Importer(815301076,1909f56bfc062723c751e8b465ee728b)  -> (artifact id: '4dab9e764ba0fcdd42e52e4518270fdb') in 0.367426 seconds
  Import took 0.375037 seconds .

========================================================================
Received Import Request.
  Time since last request: 0.000431 seconds.
  path: Assets/Content/PrefabMaterials/StarSparrow Green.mat
  artifactKey: Guid(6a0ff067fa651004b8447b29a0092251) Importer(815301076,1909f56bfc062723c751e8b465ee728b)
Start importing Assets/Content/PrefabMaterials/StarSparrow Green.mat using Guid(6a0ff067fa651004b8447b29a0092251) Importer(815301076,1909f56bfc062723c751e8b465ee728b)  -> (artifact id: '482e22455876f9d29d42015b7bcb8ba7') in 0.362747 seconds
  Import took 0.372812 seconds .

========================================================================
Received Import Request.
  Time since last request: 1.742589 seconds.
  path: Assets/Scripts/Descriptions
  artifactKey: Guid(6e629b1a3f744dcda9f5d7cd44a9391b) Importer(815301076,1909f56bfc062723c751e8b465ee728b)
Start importing Assets/Scripts/Descriptions using Guid(6e629b1a3f744dcda9f5d7cd44a9391b) Importer(815301076,1909f56bfc062723c751e8b465ee728b)  -> (artifact id: 'd47fcd3b7194ffd6b98168cfab3815b1') in 0.009638 seconds
  Import took 0.015540 seconds .

========================================================================
Received Import Request.
  Time since last request: 0.001638 seconds.
  path: Assets/Scripts/Descriptions
  artifactKey: Guid(6e629b1a3f744dcda9f5d7cd44a9391b) Importer(815301076,1909f56bfc062723c751e8b465ee728b)
Start importing Assets/Scripts/Descriptions using Guid(6e629b1a3f744dcda9f5d7cd44a9391b) Importer(815301076,1909f56bfc062723c751e8b465ee728b)  -> (artifact id: 'd47fcd3b7194ffd6b98168cfab3815b1') in 0.003429 seconds
  Import took 0.009031 seconds .

========================================================================
Received Prepare
Registering precompiled user dll's ...
Registered in 0.014116 seconds.
Begin MonoManager ReloadAssembly
Native extension for WindowsStandalone target not found
Refreshing native plugins compatible for Editor in 1.06 ms, found 2 plugins.
Preloading 0 native plugins for Editor in 0.00 ms.
Mono: successfully reloaded assembly
- Completed reload, in  1.652 seconds
Platform modules already initialized, skipping
Switching build target platform(19) subTarget(0) extendedPlatform(0) -> platform(13) subTarget(537395200) extendedPlatform(0)
Refreshing native plugins compatible for Editor in 0.92 ms, found 2 plugins.
Preloading 0 native plugins for Editor in 0.00 ms.
Unloading 2315 Unused Serialized files (Serialized files now loaded: 0)
System memory in use before: 179.5 MB.
System memory in use after: 179.8 MB.

Unloading 22 unused Assets to reduce memory usage. Loaded Objects now: 2864.
Total: 2.552500 ms (FindLiveObjects: 0.252100 ms CreateObjectMapping: 0.104700 ms MarkObjects: 2.151400 ms  DeleteObjects: 0.042900 ms)

AssetImportParameters requested are different than current active one (requested -> active):
  custom:graphics/normal-map-encoding: 01000000000000000000000000000000 -> 02000000000000000000000000000000
========================================================================
Received Prepare
Registering precompiled user dll's ...
Registered in 0.012446 seconds.
Begin MonoManager ReloadAssembly
Native extension for WindowsStandalone target not found
Refreshing native plugins compatible for Editor in 1.32 ms, found 2 plugins.
Preloading 0 native plugins for Editor in 0.00 ms.
Mono: successfully reloaded assembly
- Completed reload, in  1.470 seconds
Platform modules already initialized, skipping
Switching build target platform(19) subTarget(0) extendedPlatform(0) -> platform(13) subTarget(537395200) extendedPlatform(0)
Refreshing native plugins compatible for Editor in 0.75 ms, found 2 plugins.
Preloading 0 native plugins for Editor in 0.00 ms.
Unloading 2315 Unused Serialized files (Serialized files now loaded: 0)
System memory in use before: 179.6 MB.
System memory in use after: 179.8 MB.

Unloading 21 unused Assets to reduce memory usage. Loaded Objects now: 2867.
Total: 2.507400 ms (FindLiveObjects: 0.254500 ms CreateObjectMapping: 0.104900 ms MarkObjects: 2.120500 ms  DeleteObjects: 0.026100 ms)

AssetImportParameters requested are different than current active one (requested -> active):
  custom:graphics/normal-map-encoding: 01000000000000000000000000000000 -> 02000000000000000000000000000000
========================================================================
Received Import Request.
  Time since last request: 464.250450 seconds.
  path: Assets/Configs/Game description.asset
  artifactKey: Guid(9fcb64ed5415f7742935e4d08ffada51) Importer(815301076,1909f56bfc062723c751e8b465ee728b)
Start importing Assets/Configs/Game description.asset using Guid(9fcb64ed5415f7742935e4d08ffada51) Importer(815301076,1909f56bfc062723c751e8b465ee728b)  -> (artifact id: 'b52690dafba539b1ba6b566f8637b0ad') in 0.053896 seconds
  Import took 0.059756 seconds .

========================================================================
Received Import Request.
  Time since last request: 10.247816 seconds.
  path: Assets/Configs/Game description.asset
  artifactKey: Guid(9fcb64ed5415f7742935e4d08ffada51) Importer(815301076,1909f56bfc062723c751e8b465ee728b)
Start importing Assets/Configs/Game description.asset using Guid(9fcb64ed5415f7742935e4d08ffada51) Importer(815301076,1909f56bfc062723c751e8b465ee728b)  -> (artifact id: 'ede6993e9e1368343a10a8d501e6c717') in 0.003752 seconds
  Import took 0.009071 seconds .

========================================================================
Received Import Request.
  Time since last request: 0.027620 seconds.
  path: Assets/Configs/Game description.asset
  artifactKey: Guid(9fcb64ed5415f7742935e4d08ffada51) Importer(815301076,1909f56bfc062723c751e8b465ee728b)
Start importing Assets/Configs/Game description.asset using Guid(9fcb64ed5415f7742935e4d08ffada51) Importer(815301076,1909f56bfc062723c751e8b465ee728b)  -> (artifact id: 'ede6993e9e1368343a10a8d501e6c717') in 0.003827 seconds
  Import took 0.008850 seconds .

========================================================================
Received Prepare
Registering precompiled user dll's ...
Registered in 0.009374 seconds.
Begin MonoManager ReloadAssembly
Native extension for WindowsStandalone target not found
Refreshing native plugins compatible for Editor in 0.80 ms, found 2 plugins.
Preloading 0 native plugins for Editor in 0.00 ms.
Mono: successfully reloaded assembly
- Completed reload, in  1.544 seconds
Platform modules already initialized, skipping
Switching build target platform(19) subTarget(0) extendedPlatform(0) -> platform(13) subTarget(537395200) extendedPlatform(0)
Refreshing native plugins compatible for Editor in 0.77 ms, found 2 plugins.
Preloading 0 native plugins for Editor in 0.00 ms.
Unloading 2315 Unused Serialized files (Serialized files now loaded: 0)
System memory in use before: 179.6 MB.
System memory in use after: 179.8 MB.

Unloading 21 unused Assets to reduce memory usage. Loaded Objects now: 2870.
Total: 2.671600 ms (FindLiveObjects: 0.245400 ms CreateObjectMapping: 0.103500 ms MarkObjects: 2.299600 ms  DeleteObjects: 0.021900 ms)

AssetImportParameters requested are different than current active one (requested -> active):
  custom:graphics/normal-map-encoding: 01000000000000000000000000000000 -> 02000000000000000000000000000000
========================================================================
Received Prepare
Registering precompiled user dll's ...
Registered in 0.009482 seconds.
Begin MonoManager ReloadAssembly
Native extension for WindowsStandalone target not found
Refreshing native plugins compatible for Editor in 0.95 ms, found 2 plugins.
Preloading 0 native plugins for Editor in 0.00 ms.
Mono: successfully reloaded assembly
- Completed reload, in  1.671 seconds
Platform modules already initialized, skipping
Switching build target platform(19) subTarget(0) extendedPlatform(0) -> platform(13) subTarget(537395200) extendedPlatform(0)
Refreshing native plugins compatible for Editor in 0.80 ms, found 2 plugins.
Preloading 0 native plugins for Editor in 0.00 ms.
Unloading 2315 Unused Serialized files (Serialized files now loaded: 0)
System memory in use before: 179.6 MB.
System memory in use after: 179.8 MB.

Unloading 21 unused Assets to reduce memory usage. Loaded Objects now: 2873.
Total: 2.771400 ms (FindLiveObjects: 0.264100 ms CreateObjectMapping: 0.106200 ms MarkObjects: 2.372600 ms  DeleteObjects: 0.026900 ms)

AssetImportParameters requested are different than current active one (requested -> active):
  custom:graphics/normal-map-encoding: 01000000000000000000000000000000 -> 02000000000000000000000000000000
========================================================================
Received Import Request.
  Time since last request: 303.332528 seconds.
  path: Assets/TextMesh Pro
  artifactKey: Guid(f54d1bd14bd3ca042bd867b519fee8cc) Importer(815301076,1909f56bfc062723c751e8b465ee728b)
Start importing Assets/TextMesh Pro using Guid(f54d1bd14bd3ca042bd867b519fee8cc) Importer(815301076,1909f56bfc062723c751e8b465ee728b)  -> (artifact id: '16b4cbde9565bf190136f1148817e1ea') in 0.013976 seconds
  Import took 0.019394 seconds .

========================================================================
Received Import Request.
  Time since last request: 2.306933 seconds.
  path: Assets/Content/PrefabMaterials/FirstAsteroidMaterial.mat
  artifactKey: Guid(42b31c851d0fbd646a8ca32077f8ec9c) Importer(815301076,1909f56bfc062723c751e8b465ee728b)
Start importing Assets/Content/PrefabMaterials/FirstAsteroidMaterial.mat using Guid(42b31c851d0fbd646a8ca32077f8ec9c) Importer(815301076,1909f56bfc062723c751e8b465ee728b)  -> (artifact id: 'f9bbaf62ee00a76e4ba23ec51f69d2e6') in 0.288636 seconds
  Import took 0.297157 seconds .

========================================================================
Received Import Request.
  Time since last request: 0.000462 seconds.
  path: Assets/Content/PrefabMaterials/SecondAsteroidsMaterial.mat
  artifactKey: Guid(44f9d629006bb76409d3626dd82797c0) Importer(815301076,1909f56bfc062723c751e8b465ee728b)
Start importing Assets/Content/PrefabMaterials/SecondAsteroidsMaterial.mat using Guid(44f9d629006bb76409d3626dd82797c0) Importer(815301076,1909f56bfc062723c751e8b465ee728b)  -> (artifact id: 'be5ee8bc162aa252fed777e53d07f301') in 0.207985 seconds
  Import took 0.215593 seconds .

========================================================================
Received Import Request.
  Time since last request: 2.906551 seconds.
  path: Assets/Content/Prefabs/StarSparrow8.prefab
  artifactKey: Guid(12e2965e034095b40b035c26bdecd5ed) Importer(815301076,1909f56bfc062723c751e8b465ee728b)
Start importing Assets/Content/Prefabs/StarSparrow8.prefab using Guid(12e2965e034095b40b035c26bdecd5ed) Importer(815301076,1909f56bfc062723c751e8b465ee728b)  -> (artifact id: '212c99899d1e7aa2c1568d6b92af061d') in 0.489806 seconds
  Import took 0.499076 seconds .

========================================================================
Received Import Request.
  Time since last request: 45.069330 seconds.
  path: Assets/Content/Prefabs/StarSparrow8.prefab
  artifactKey: Guid(12e2965e034095b40b035c26bdecd5ed) Importer(815301076,1909f56bfc062723c751e8b465ee728b)
Start importing Assets/Content/Prefabs/StarSparrow8.prefab using Guid(12e2965e034095b40b035c26bdecd5ed) Importer(815301076,1909f56bfc062723c751e8b465ee728b)  -> (artifact id: '4145718cc832c6d18e284eca1c5e9afb') in 0.366525 seconds
  Import took 0.372652 seconds .

========================================================================
Received Import Request.
  Time since last request: 14.971130 seconds.
  path: Assets/Content/Prefabs/StarSparrow8.prefab
  artifactKey: Guid(12e2965e034095b40b035c26bdecd5ed) Importer(815301076,1909f56bfc062723c751e8b465ee728b)
Start importing Assets/Content/Prefabs/StarSparrow8.prefab using Guid(12e2965e034095b40b035c26bdecd5ed) Importer(815301076,1909f56bfc062723c751e8b465ee728b)  -> (artifact id: 'd534276c6786ed8c9f66c1cf35f0300e') in 0.383188 seconds
  Import took 0.390184 seconds .

========================================================================
Received Import Request.
  Time since last request: 10.056372 seconds.
  path: Assets/Content/Prefabs/StarSparrow7.prefab
  artifactKey: Guid(c79905ec17c169a49b75177b6cf0d524) Importer(815301076,1909f56bfc062723c751e8b465ee728b)
Start importing Assets/Content/Prefabs/StarSparrow7.prefab using Guid(c79905ec17c169a49b75177b6cf0d524) Importer(815301076,1909f56bfc062723c751e8b465ee728b)  -> (artifact id: '58ac10b5bd9667bca39c0d43fc1da976') in 0.295736 seconds
  Import took 0.300686 seconds .

========================================================================
Received Import Request.
  Time since last request: 46.953349 seconds.
  path: Assets/Content/Prefabs/StarSparrow7.prefab
  artifactKey: Guid(c79905ec17c169a49b75177b6cf0d524) Importer(815301076,1909f56bfc062723c751e8b465ee728b)
Start importing Assets/Content/Prefabs/StarSparrow7.prefab using Guid(c79905ec17c169a49b75177b6cf0d524) Importer(815301076,1909f56bfc062723c751e8b465ee728b)  -> (artifact id: '9d33ad80281c40aa14890f39c6e23fa5') in 0.365773 seconds
  Import took 0.376227 seconds .

========================================================================
Received Import Request.
  Time since last request: 39.362452 seconds.
  path: Assets/Content/Prefabs/StarSparrow7.prefab
  artifactKey: Guid(c79905ec17c169a49b75177b6cf0d524) Importer(815301076,1909f56bfc062723c751e8b465ee728b)
Start importing Assets/Content/Prefabs/StarSparrow7.prefab using Guid(c79905ec17c169a49b75177b6cf0d524) Importer(815301076,1909f56bfc062723c751e8b465ee728b)  -> (artifact id: '7d257204b568dd6fdb2492b6a1904674') in 0.361963 seconds
  Import took 0.370716 seconds .

========================================================================
Received Import Request.
  Time since last request: 11.204417 seconds.
  path: Assets/Content/Prefabs/StarSparrow11.prefab
  artifactKey: Guid(5a073d16030e9bb4ab4bab71c3124066) Importer(815301076,1909f56bfc062723c751e8b465ee728b)
Start importing Assets/Content/Prefabs/StarSparrow11.prefab using Guid(5a073d16030e9bb4ab4bab71c3124066) Importer(815301076,1909f56bfc062723c751e8b465ee728b)  -> (artifact id: 'ef9ca2948fac1ee1259af1d12ebddc1d') in 0.498034 seconds
  Import took 0.505038 seconds .

========================================================================
Received Import Request.
  Time since last request: 1.413302 seconds.
  path: Assets/Content/Prefabs/StarSparrow11.prefab
  artifactKey: Guid(5a073d16030e9bb4ab4bab71c3124066) Importer(815301076,1909f56bfc062723c751e8b465ee728b)
Start importing Assets/Content/Prefabs/StarSparrow11.prefab using Guid(5a073d16030e9bb4ab4bab71c3124066) Importer(815301076,1909f56bfc062723c751e8b465ee728b)  -> (artifact id: '2abdf0bfa5cedf75af0f8dcf8d7d580a') in 0.346670 seconds
  Import took 0.353270 seconds .

========================================================================
Received Import Request.
  Time since last request: 2.898553 seconds.
  path: Assets/Content/Prefabs/StarSparrow11.prefab
  artifactKey: Guid(5a073d16030e9bb4ab4bab71c3124066) Importer(815301076,1909f56bfc062723c751e8b465ee728b)
Start importing Assets/Content/Prefabs/StarSparrow11.prefab using Guid(5a073d16030e9bb4ab4bab71c3124066) Importer(815301076,1909f56bfc062723c751e8b465ee728b)  -> (artifact id: 'b4478ec16838fccf0a0da2e560ba3612') in 0.362656 seconds
  Import took 0.367551 seconds .

========================================================================
Received Import Request.
  Time since last request: 4.085733 seconds.
  path: Assets/Content/Prefabs/StarSparrow11.prefab
  artifactKey: Guid(5a073d16030e9bb4ab4bab71c3124066) Importer(815301076,1909f56bfc062723c751e8b465ee728b)
Start importing Assets/Content/Prefabs/StarSparrow11.prefab using Guid(5a073d16030e9bb4ab4bab71c3124066) Importer(815301076,1909f56bfc062723c751e8b465ee728b)  -> (artifact id: '66b5372e07f386c9c9e5954ddb2338d3') in 0.368833 seconds
  Import took 0.379353 seconds .

========================================================================
Received Import Request.
  Time since last request: 1.230012 seconds.
  path: Assets/Content/Prefabs/StarSparrow11.prefab
  artifactKey: Guid(5a073d16030e9bb4ab4bab71c3124066) Importer(815301076,1909f56bfc062723c751e8b465ee728b)
Start importing Assets/Content/Prefabs/StarSparrow11.prefab using Guid(5a073d16030e9bb4ab4bab71c3124066) Importer(815301076,1909f56bfc062723c751e8b465ee728b)  -> (artifact id: 'c994d791f336eb0906968494f97ce702') in 0.338531 seconds
  Import took 0.344721 seconds .

========================================================================
Received Import Request.
  Time since last request: 44.318225 seconds.
  path: Assets/Content/Prefabs/StarSparrow11.prefab
  artifactKey: Guid(5a073d16030e9bb4ab4bab71c3124066) Importer(815301076,1909f56bfc062723c751e8b465ee728b)
Start importing Assets/Content/Prefabs/StarSparrow11.prefab using Guid(5a073d16030e9bb4ab4bab71c3124066) Importer(815301076,1909f56bfc062723c751e8b465ee728b)  -> (artifact id: 'dd769605f34674739846c888d8c8a775') in 0.348403 seconds
  Import took 0.357669 seconds .

========================================================================
Received Import Request.
  Time since last request: 75.233680 seconds.
  path: Assets/Content/Prefabs/StarSparrow11.prefab
  artifactKey: Guid(5a073d16030e9bb4ab4bab71c3124066) Importer(815301076,1909f56bfc062723c751e8b465ee728b)
Start importing Assets/Content/Prefabs/StarSparrow11.prefab using Guid(5a073d16030e9bb4ab4bab71c3124066) Importer(815301076,1909f56bfc062723c751e8b465ee728b)  -> (artifact id: '65b319f7924c26196b5d8a543021559a') in 0.344871 seconds
  Import took 0.351661 seconds .

========================================================================
Received Import Request.
  Time since last request: 18.200118 seconds.
  path: Assets/Content/Prefabs/StarSparrow12.prefab
  artifactKey: Guid(79e4c0d1647edb24e82e40e6b4bcaa7b) Importer(815301076,1909f56bfc062723c751e8b465ee728b)
Start importing Assets/Content/Prefabs/StarSparrow12.prefab using Guid(79e4c0d1647edb24e82e40e6b4bcaa7b) Importer(815301076,1909f56bfc062723c751e8b465ee728b)  -> (artifact id: '0f56943bf3e44c7aea4a860ba919770e') in 0.346116 seconds
  Import took 0.355478 seconds .

========================================================================
Received Import Request.
  Time since last request: 48.711503 seconds.
  path: Assets/Content/Prefabs/StarSparrow12.prefab
  artifactKey: Guid(79e4c0d1647edb24e82e40e6b4bcaa7b) Importer(815301076,1909f56bfc062723c751e8b465ee728b)
Start importing Assets/Content/Prefabs/StarSparrow12.prefab using Guid(79e4c0d1647edb24e82e40e6b4bcaa7b) Importer(815301076,1909f56bfc062723c751e8b465ee728b)  -> (artifact id: 'a8ed9bdfe4ba0845452cc255c808b218') in 0.340058 seconds
  Import took 0.347442 seconds .

========================================================================
Received Import Request.
  Time since last request: 8.718018 seconds.
  path: Assets/Content/Prefabs/StarSparrow12.prefab
  artifactKey: Guid(79e4c0d1647edb24e82e40e6b4bcaa7b) Importer(815301076,1909f56bfc062723c751e8b465ee728b)
Start importing Assets/Content/Prefabs/StarSparrow12.prefab using Guid(79e4c0d1647edb24e82e40e6b4bcaa7b) Importer(815301076,1909f56bfc062723c751e8b465ee728b)  -> (artifact id: 'd47c637a1779de9d2b84edfdf7fb0d03') in 0.355658 seconds
  Import took 0.360687 seconds .

========================================================================
Received Import Request.
  Time since last request: 3.140602 seconds.
  path: Assets/Content/Prefabs/StarSparrow12.prefab
  artifactKey: Guid(79e4c0d1647edb24e82e40e6b4bcaa7b) Importer(815301076,1909f56bfc062723c751e8b465ee728b)
Start importing Assets/Content/Prefabs/StarSparrow12.prefab using Guid(79e4c0d1647edb24e82e40e6b4bcaa7b) Importer(815301076,1909f56bfc062723c751e8b465ee728b)  -> (artifact id: '214643f4bd720c4c3fc90e67f1a34260') in 0.353368 seconds
  Import took 0.360434 seconds .

========================================================================
Received Import Request.
  Time since last request: 3.170775 seconds.
  path: Assets/Content/Prefabs/StarSparrow12.prefab
  artifactKey: Guid(79e4c0d1647edb24e82e40e6b4bcaa7b) Importer(815301076,1909f56bfc062723c751e8b465ee728b)
Start importing Assets/Content/Prefabs/StarSparrow12.prefab using Guid(79e4c0d1647edb24e82e40e6b4bcaa7b) Importer(815301076,1909f56bfc062723c751e8b465ee728b)  -> (artifact id: 'b3fd007c16045886bd2dc21e1b8b3d32') in 0.367097 seconds
  Import took 0.373152 seconds .

========================================================================
Received Import Request.
  Time since last request: 3.758213 seconds.
  path: Assets/Content/Prefabs/StarSparrow13.prefab
  artifactKey: Guid(6647bc14b7f253f4aa7ed042ccbd8304) Importer(815301076,1909f56bfc062723c751e8b465ee728b)
Start importing Assets/Content/Prefabs/StarSparrow13.prefab using Guid(6647bc14b7f253f4aa7ed042ccbd8304) Importer(815301076,1909f56bfc062723c751e8b465ee728b)  -> (artifact id: '0814c4f85d39a718a10887090b00b416') in 0.377731 seconds
  Import took 0.384730 seconds .

========================================================================
Received Import Request.
  Time since last request: 7.946347 seconds.
  path: Assets/Content/Prefabs/StarSparrow13.prefab
  artifactKey: Guid(6647bc14b7f253f4aa7ed042ccbd8304) Importer(815301076,1909f56bfc062723c751e8b465ee728b)
Start importing Assets/Content/Prefabs/StarSparrow13.prefab using Guid(6647bc14b7f253f4aa7ed042ccbd8304) Importer(815301076,1909f56bfc062723c751e8b465ee728b)  -> (artifact id: '8f1149f67b09c95fafb312d33b28faf2') in 0.286423 seconds
  Import took 0.293228 seconds .

========================================================================
Received Import Request.
  Time since last request: 1.755659 seconds.
  path: Assets/Content/Prefabs/StarSparrow13.prefab
  artifactKey: Guid(6647bc14b7f253f4aa7ed042ccbd8304) Importer(815301076,1909f56bfc062723c751e8b465ee728b)
Start importing Assets/Content/Prefabs/StarSparrow13.prefab using Guid(6647bc14b7f253f4aa7ed042ccbd8304) Importer(815301076,1909f56bfc062723c751e8b465ee728b)  -> (artifact id: '3c1d048a66b858b8785ef56f697c85fd') in 0.333893 seconds
  Import took 0.340327 seconds .

========================================================================
Received Import Request.
  Time since last request: 21.333484 seconds.
  path: Assets/Content/Prefabs/StarSparrow13.prefab
  artifactKey: Guid(6647bc14b7f253f4aa7ed042ccbd8304) Importer(815301076,1909f56bfc062723c751e8b465ee728b)
Start importing Assets/Content/Prefabs/StarSparrow13.prefab using Guid(6647bc14b7f253f4aa7ed042ccbd8304) Importer(815301076,1909f56bfc062723c751e8b465ee728b)  -> (artifact id: 'c8953c4cbdacbecff721ec39ef79aedb') in 0.340521 seconds
  Import took 0.346362 seconds .

========================================================================
Received Import Request.
  Time since last request: 14.925564 seconds.
  path: Assets/Content/Prefabs/StarSparrow13.prefab
  artifactKey: Guid(6647bc14b7f253f4aa7ed042ccbd8304) Importer(815301076,1909f56bfc062723c751e8b465ee728b)
Start importing Assets/Content/Prefabs/StarSparrow13.prefab using Guid(6647bc14b7f253f4aa7ed042ccbd8304) Importer(815301076,1909f56bfc062723c751e8b465ee728b)  -> (artifact id: 'c9edf1b93af43824004e954aa9e0a34f') in 0.345243 seconds
  Import took 0.352020 seconds .

========================================================================
Received Prepare
Registering precompiled user dll's ...
Registered in 0.010611 seconds.
Begin MonoManager ReloadAssembly
Native extension for WindowsStandalone target not found
Refreshing native plugins compatible for Editor in 0.79 ms, found 2 plugins.
Preloading 0 native plugins for Editor in 0.00 ms.
Mono: successfully reloaded assembly
- Completed reload, in  1.777 seconds
Platform modules already initialized, skipping
Switching build target platform(19) subTarget(0) extendedPlatform(0) -> platform(13) subTarget(537395200) extendedPlatform(0)
Refreshing native plugins compatible for Editor in 0.80 ms, found 2 plugins.
Preloading 0 native plugins for Editor in 0.00 ms.
Unloading 2315 Unused Serialized files (Serialized files now loaded: 0)
System memory in use before: 179.7 MB.
System memory in use after: 179.9 MB.

Unloading 24 unused Assets to reduce memory usage. Loaded Objects now: 2877.
Total: 2.961400 ms (FindLiveObjects: 0.376000 ms CreateObjectMapping: 0.108500 ms MarkObjects: 2.415400 ms  DeleteObjects: 0.059900 ms)

AssetImportParameters requested are different than current active one (requested -> active):
  custom:graphics/normal-map-encoding: 01000000000000000000000000000000 -> 02000000000000000000000000000000
========================================================================
Received Import Request.
  Time since last request: 52.379826 seconds.
  path: Assets/Content/Prefabs/StarSparrow12.prefab
  artifactKey: Guid(79e4c0d1647edb24e82e40e6b4bcaa7b) Importer(815301076,1909f56bfc062723c751e8b465ee728b)
Start importing Assets/Content/Prefabs/StarSparrow12.prefab using Guid(79e4c0d1647edb24e82e40e6b4bcaa7b) Importer(815301076,1909f56bfc062723c751e8b465ee728b)  -> (artifact id: 'b5d4fce1530da2d1266265ca8f2c72ba') in 0.425475 seconds
  Import took 0.432980 seconds .

========================================================================
Received Import Request.
  Time since last request: 20.030092 seconds.
  path: Assets/Content/Prefabs/StarSparrow11.prefab
  artifactKey: Guid(5a073d16030e9bb4ab4bab71c3124066) Importer(815301076,1909f56bfc062723c751e8b465ee728b)
Start importing Assets/Content/Prefabs/StarSparrow11.prefab using Guid(5a073d16030e9bb4ab4bab71c3124066) Importer(815301076,1909f56bfc062723c751e8b465ee728b)  -> (artifact id: '8d6d261ffbcad989d0be838eab8e0b57') in 0.343594 seconds
  Import took 0.353095 seconds .

========================================================================
Received Import Request.
  Time since last request: 3.924453 seconds.
  path: Assets/Content/Prefabs/StarSparrow11.prefab
  artifactKey: Guid(5a073d16030e9bb4ab4bab71c3124066) Importer(815301076,1909f56bfc062723c751e8b465ee728b)
Start importing Assets/Content/Prefabs/StarSparrow11.prefab using Guid(5a073d16030e9bb4ab4bab71c3124066) Importer(815301076,1909f56bfc062723c751e8b465ee728b)  -> (artifact id: '95211f07ece19ffeabf206dff566c9fc') in 0.347200 seconds
  Import took 0.356140 seconds .

========================================================================
Received Import Request.
  Time since last request: 9.946877 seconds.
  path: Assets/Content/Prefabs/StarSparrow13.prefab
  artifactKey: Guid(6647bc14b7f253f4aa7ed042ccbd8304) Importer(815301076,1909f56bfc062723c751e8b465ee728b)
Start importing Assets/Content/Prefabs/StarSparrow13.prefab using Guid(6647bc14b7f253f4aa7ed042ccbd8304) Importer(815301076,1909f56bfc062723c751e8b465ee728b)  -> (artifact id: 'd2e02a8c24b77b4ae17ea5fcac11251b') in 0.340108 seconds
  Import took 0.347762 seconds .

========================================================================
Received Import Request.
  Time since last request: 4.312766 seconds.
  path: Assets/Content/Prefabs/StarSparrow13.prefab
  artifactKey: Guid(6647bc14b7f253f4aa7ed042ccbd8304) Importer(815301076,1909f56bfc062723c751e8b465ee728b)
Start importing Assets/Content/Prefabs/StarSparrow13.prefab using Guid(6647bc14b7f253f4aa7ed042ccbd8304) Importer(815301076,1909f56bfc062723c751e8b465ee728b)  -> (artifact id: '29d083460e2bd15b2646a6ca867a16ff') in 0.291950 seconds
  Import took 0.296943 seconds .

========================================================================
Received Prepare
Registering precompiled user dll's ...
Registered in 0.011163 seconds.
Begin MonoManager ReloadAssembly
Native extension for WindowsStandalone target not found
Refreshing native plugins compatible for Editor in 0.83 ms, found 2 plugins.
Preloading 0 native plugins for Editor in 0.00 ms.
Mono: successfully reloaded assembly
- Completed reload, in  1.666 seconds
Platform modules already initialized, skipping
Switching build target platform(19) subTarget(0) extendedPlatform(0) -> platform(13) subTarget(537395200) extendedPlatform(0)
Refreshing native plugins compatible for Editor in 0.78 ms, found 2 plugins.
Preloading 0 native plugins for Editor in 0.00 ms.
Unloading 2315 Unused Serialized files (Serialized files now loaded: 0)
System memory in use before: 179.7 MB.
System memory in use after: 179.9 MB.

Unloading 23 unused Assets to reduce memory usage. Loaded Objects now: 2881.
Total: 3.005300 ms (FindLiveObjects: 0.311100 ms CreateObjectMapping: 0.101600 ms MarkObjects: 2.504400 ms  DeleteObjects: 0.086600 ms)

AssetImportParameters requested are different than current active one (requested -> active):
  custom:graphics/normal-map-encoding: 01000000000000000000000000000000 -> 02000000000000000000000000000000
========================================================================
Received Prepare
Refreshing native plugins compatible for Editor in 8.15 ms, found 2 plugins.
Preloading 0 native plugins for Editor in 0.00 ms.
Unloading 19 Unused Serialized files (Serialized files now loaded: 0)
System memory in use before: 134.4 MB.
System memory in use after: 134.6 MB.

Unloading 19 unused Assets to reduce memory usage. Loaded Objects now: 2881.
Total: 4.103600 ms (FindLiveObjects: 0.546600 ms CreateObjectMapping: 0.136300 ms MarkObjects: 3.392500 ms  DeleteObjects: 0.025800 ms)

========================================================================
Received Prepare
Registering precompiled user dll's ...
Registered in 0.017888 seconds.
Begin MonoManager ReloadAssembly
Native extension for WindowsStandalone target not found
Refreshing native plugins compatible for Editor in 0.86 ms, found 2 plugins.
Preloading 0 native plugins for Editor in 0.00 ms.
Mono: successfully reloaded assembly
- Completed reload, in  1.625 seconds
Platform modules already initialized, skipping
Switching build target platform(19) subTarget(0) extendedPlatform(0) -> platform(13) subTarget(537395200) extendedPlatform(0)
Refreshing native plugins compatible for Editor in 0.84 ms, found 2 plugins.
Preloading 0 native plugins for Editor in 0.00 ms.
Unloading 2315 Unused Serialized files (Serialized files now loaded: 0)
System memory in use before: 179.7 MB.
System memory in use after: 180.0 MB.

Unloading 21 unused Assets to reduce memory usage. Loaded Objects now: 2884.
Total: 2.913600 ms (FindLiveObjects: 0.347700 ms CreateObjectMapping: 0.117100 ms MarkObjects: 2.418900 ms  DeleteObjects: 0.026100 ms)

AssetImportParameters requested are different than current active one (requested -> active):
  custom:graphics/normal-map-encoding: 01000000000000000000000000000000 -> 02000000000000000000000000000000
========================================================================
Received Prepare
Registering precompiled user dll's ...
Registered in 0.016919 seconds.
Begin MonoManager ReloadAssembly
Native extension for WindowsStandalone target not found
Refreshing native plugins compatible for Editor in 0.79 ms, found 2 plugins.
Preloading 0 native plugins for Editor in 0.00 ms.
Mono: successfully reloaded assembly
- Completed reload, in  1.469 seconds
Platform modules already initialized, skipping
Switching build target platform(19) subTarget(0) extendedPlatform(0) -> platform(13) subTarget(537395200) extendedPlatform(0)
Refreshing native plugins compatible for Editor in 0.77 ms, found 2 plugins.
Preloading 0 native plugins for Editor in 0.00 ms.
Unloading 2315 Unused Serialized files (Serialized files now loaded: 0)
System memory in use before: 179.7 MB.
System memory in use after: 180.0 MB.

Unloading 21 unused Assets to reduce memory usage. Loaded Objects now: 2887.
Total: 2.702000 ms (FindLiveObjects: 0.255800 ms CreateObjectMapping: 0.108100 ms MarkObjects: 2.312300 ms  DeleteObjects: 0.024300 ms)

AssetImportParameters requested are different than current active one (requested -> active):
  custom:graphics/normal-map-encoding: 01000000000000000000000000000000 -> 02000000000000000000000000000000
========================================================================
Received Prepare
Registering precompiled user dll's ...
Registered in 1.389131 seconds.
Begin MonoManager ReloadAssembly
Native extension for WindowsStandalone target not found
Refreshing native plugins compatible for Editor in 0.82 ms, found 2 plugins.
Preloading 0 native plugins for Editor in 0.00 ms.
Mono: successfully reloaded assembly
- Completed reload, in  8.474 seconds
Platform modules already initialized, skipping
Switching build target platform(19) subTarget(0) extendedPlatform(0) -> platform(13) subTarget(537395200) extendedPlatform(0)
Refreshing native plugins compatible for Editor in 0.78 ms, found 2 plugins.
Preloading 0 native plugins for Editor in 0.00 ms.
Unloading 2315 Unused Serialized files (Serialized files now loaded: 0)
System memory in use before: 179.7 MB.
System memory in use after: 180.0 MB.

Unloading 21 unused Assets to reduce memory usage. Loaded Objects now: 2890.
Total: 16.004800 ms (FindLiveObjects: 1.701500 ms CreateObjectMapping: 0.107200 ms MarkObjects: 13.768400 ms  DeleteObjects: 0.425500 ms)

AssetImportParameters requested are different than current active one (requested -> active):
  custom:graphics/normal-map-encoding: 01000000000000000000000000000000 -> 02000000000000000000000000000000
